<?xml version="1.0" encoding="UTF-8"?>
<testng-results skipped="0" failed="0" ignored="0" total="1" passed="1">
  <reporter-output>
  </reporter-output>
  <suite name="Suite" duration-ms="4807" started-at="2016-12-20T22:01:41Z" finished-at="2016-12-20T22:01:45Z">
    <groups>
    </groups>
    <test name="FirefoxTestCases" duration-ms="4807" started-at="2016-12-20T22:01:41Z" finished-at="2016-12-20T22:01:45Z">
      <class name="TestNG.CrossBrowserTesting">
        <test-method status="PASS" signature="openbrowser(java.lang.String)[pri:0, instance:TestNG.CrossBrowserTesting@548e7350]" name="openbrowser" is-config="true" duration-ms="3743" started-at="2016-12-20T17:01:41Z" finished-at="2016-12-20T17:01:44Z">
          <params>
            <param index="0">
              <value>
                <![CDATA[Firefox]]>
              </value>
            </param>
          </params>
          <reporter-output>
          </reporter-output>
        </test-method> <!-- openbrowser -->
        <test-method status="PASS" signature="openapp()[pri:0, instance:TestNG.CrossBrowserTesting@548e7350]" name="openapp" duration-ms="1000" started-at="2016-12-20T17:01:44Z" finished-at="2016-12-20T17:01:45Z">
          <reporter-output>
          </reporter-output>
        </test-method> <!-- openapp -->
        <test-method status="PASS" signature="close()[pri:0, instance:TestNG.CrossBrowserTesting@548e7350]" name="close" is-config="true" duration-ms="50" started-at="2016-12-20T17:01:45Z" finished-at="2016-12-20T17:01:45Z">
          <reporter-output>
          </reporter-output>
        </test-method> <!-- close -->
      </class> <!-- TestNG.CrossBrowserTesting -->
    </test> <!-- FirefoxTestCases -->
  </suite> <!-- Suite -->
</testng-results>
